◇ injected env (5) from .env // tip: ⌘ suppress logs { quiet: true }
🚀 Secure API Server running on port 3000
Connected to SQLite database securely
[0mGET /admin.html [36m304[0m 15.826 ms - -[0m
[0mGET /css/style.css [36m304[0m 2.608 ms - -[0m
[0mGET /images/logo.png [36m304[0m 2.871 ms - -[0m
[0mGET /js/api.js [32m200[0m 4.039 ms - 6455[0m
[0mGET /js/admin.js [36m304[0m 0.819 ms - -[0m
[0mGET /api/auth/me [36m304[0m 21.684 ms - -[0m
[0mGET /api/bookings [36m304[0m 11.656 ms - -[0m
[0mGET /api/blogs?page=1&limit=100&search= [36m304[0m 17.378 ms - -[0m
[0mGET /index.html [32m200[0m 4.229 ms - 19428[0m
[0mGET /css/style.css [36m304[0m 1.805 ms - -[0m
[0mGET /images/logo.png [36m304[0m 2.058 ms - -[0m
[0mGET /js/api.js [32m200[0m 6.102 ms - 6455[0m
[0mGET /js/main.js [32m200[0m 2.671 ms - 15337[0m
[0mGET /api/website-content [36m304[0m 7.631 ms - -[0m
[0mGET /api/website-content [36m304[0m 3.167 ms - -[0m
[0mGET /api/team-members [36m304[0m 8.010 ms - -[0m
[0mGET /api/website-content [36m304[0m 3.026 ms - -[0m
[0mGET /api/website-content [36m304[0m 1.817 ms - -[0m
[0mGET /api/website-content [36m304[0m 2.355 ms - -[0m
[0mGET /api/website-content [36m304[0m 1.339 ms - -[0m
[0mGET /images/1778317098260-568569554.png [36m304[0m 0.507 ms - -[0m
[0mGET /index.html [36m304[0m 2.330 ms - -[0m
[0mGET /css/style.css [36m304[0m 2.110 ms - -[0m
[0mGET /images/logo.png [36m304[0m 1.966 ms - -[0m
[0mGET /js/api.js [36m304[0m 1.870 ms - -[0m
[0mGET /js/main.js [36m304[0m 0.579 ms - -[0m
[0mGET /api/website-content [36m304[0m 6.222 ms - -[0m
[0mGET /about.html [32m200[0m 2.977 ms - 19441[0m
[0mGET /css/style.css [36m304[0m 1.067 ms - -[0m
[0mGET /images/logo.png [36m304[0m 0.799 ms - -[0m
[0mGET /js/api.js [36m304[0m 0.793 ms - -[0m
[0mGET /js/main.js [36m304[0m 1.347 ms - -[0m
[0mGET /api/website-content [36m304[0m 3.427 ms - -[0m
[0mGET /api/team-members [36m304[0m 9.477 ms - -[0m
[0mGET /images/1778314943556-503420277.png [36m304[0m 6.577 ms - -[0m
[0mGET /images/1778317098260-568569554.png [36m304[0m 4.659 ms - -[0m
[0mGET /index.html [36m304[0m 0.808 ms - -[0m
[0mGET /css/style.css [36m304[0m 1.766 ms - -[0m
[0mGET /images/logo.png [36m304[0m 1.556 ms - -[0m
[0mGET /js/api.js [36m304[0m 2.049 ms - -[0m
[0mGET /js/main.js [36m304[0m 0.593 ms - -[0m
[0mGET /api/website-content [36m304[0m 3.131 ms - -[0m
[0mPOST /api/website-content [32m201[0m 89.397 ms - 63[0m
[0mGET /index.html [36m304[0m 1.472 ms - -[0m
[0mGET /css/style.css [36m304[0m 2.067 ms - -[0m
[0mGET /images/logo.png [36m304[0m 4.036 ms - -[0m
[0mGET /js/api.js [36m304[0m 3.144 ms - -[0m
[0mGET /js/main.js [36m304[0m 0.767 ms - -[0m
[0mGET /api/website-content [32m200[0m 4.113 ms - 2758[0m
[0mGET /images/1778323825681-423303160.png [32m200[0m 7.652 ms - 9002947[0m
[0mPOST /api/website-content [32m201[0m 13.543 ms - 63[0m
[0mPOST /api/website-content [32m201[0m 9.744 ms - 63[0m
[0mPOST /api/website-content [32m201[0m 7.861 ms - 63[0m
[0mPOST /api/website-content [32m201[0m 7.480 ms - 63[0m
[0mPOST /api/website-content [32m201[0m 7.913 ms - 63[0m
[0mPOST /api/website-content [32m201[0m 8.595 ms - 63[0m
[0mGET /index.html [36m304[0m 0.399 ms - -[0m
[0mGET /css/style.css [36m304[0m 7.609 ms - -[0m
[0mGET /images/logo.png [36m304[0m 1.423 ms - -[0m
[0mGET /js/api.js [36m304[0m 1.038 ms - -[0m
[0mGET /js/main.js [36m304[0m 0.721 ms - -[0m
[0mGET /api/website-content [32m200[0m 2.530 ms - 3745[0m
[0mGET /images/1778323825681-423303160.png [36m304[0m 0.560 ms - -[0m
[0mGET /api/website-content [36m304[0m 4.352 ms - -[0m
[0mGET /images/1778314943556-503420277.png [36m304[0m 0.555 ms - -[0m
[0mGET /images/1778323825681-423303160.png [36m304[0m 2.917 ms - -[0m
[0mPUT /api/website-content/31 [32m200[0m 21.113 ms - 57[0m
[0mGET /api/website-content [32m200[0m 9.643 ms - 3731[0m
[0mPUT /api/website-content/31 [32m200[0m 5.960 ms - 57[0m
[0mGET /api/website-content [36m304[0m 6.438 ms - -[0m
[0mPUT /api/website-content/30 [32m200[0m 15.386 ms - 57[0m
[0mGET /api/website-content [32m200[0m 9.647 ms - 3716[0m
[0mPUT /api/website-content/29 [32m200[0m 18.498 ms - 57[0m
[0mGET /api/website-content [32m200[0m 2.503 ms - 3702[0m
[0mPUT /api/website-content/29 [32m200[0m 4.948 ms - 57[0m
[0mGET /api/website-content [36m304[0m 1.199 ms - -[0m
[0mPUT /api/website-content/30 [32m200[0m 3.799 ms - 57[0m
[0mGET /api/website-content [36m304[0m 18.324 ms - -[0m
[0mPUT /api/website-content/30 [32m200[0m 7.702 ms - 57[0m
[0mGET /api/website-content [36m304[0m 5.878 ms - -[0m
[0mGET /index.html [36m304[0m 0.603 ms - -[0m
[0mGET /css/style.css [36m304[0m 2.431 ms - -[0m
[0mGET /images/logo.png [36m304[0m 2.377 ms - -[0m
[0mGET /js/api.js [36m304[0m 5.801 ms - -[0m
[0mGET /js/main.js [36m304[0m 0.922 ms - -[0m
[0mGET /api/website-content [36m304[0m 10.670 ms - -[0m
[0mGET /images/1778323825681-423303160.png [36m304[0m 1.578 ms - -[0m
[0mPUT /api/website-content/27 [32m200[0m 19.316 ms - 57[0m
[0mGET /api/website-content [32m200[0m 5.797 ms - 3690[0m
[0mPUT /api/website-content/26 [32m200[0m 42.232 ms - 57[0m
[0mGET /api/website-content [32m200[0m 4.931 ms - 3676[0m
[0mGET /api/website-content [36m304[0m 3.741 ms - -[0m
[0mGET /api/team-members [36m304[0m 3.650 ms - -[0m
[0mGET /api/website-content [36m304[0m 1.860 ms - -[0m
[0mGET /api/website-content [36m304[0m 2.517 ms - -[0m
[0mGET /api/website-content [36m304[0m 1.952 ms - -[0m
[0mGET /api/website-content [36m304[0m 1.983 ms - -[0m
[0mPOST /api/website-content [32m201[0m 22.494 ms - 63[0m
[0mPOST /api/website-content [32m201[0m 9.996 ms - 63[0m
[0mPOST /api/website-content [32m200[0m 6.601 ms - 57[0m
[0mPOST /api/website-content [32m201[0m 6.251 ms - 63[0m
[0mPOST /api/website-content [32m201[0m 6.341 ms - 63[0m
[0mPOST /api/website-content [32m201[0m 7.756 ms - 63[0m
[0mPOST /api/website-content [32m201[0m 12.481 ms - 63[0m
[0mPOST /api/website-content [32m201[0m 13.105 ms - 63[0m
[0mPOST /api/website-content [32m201[0m 7.073 ms - 63[0m
[0mPOST /api/website-content [32m201[0m 6.620 ms - 63[0m
[0mPOST /api/website-content [32m201[0m 7.112 ms - 63[0m
[0mPOST /api/website-content [32m201[0m 7.134 ms - 63[0m
[0mPOST /api/website-content [32m201[0m 6.750 ms - 63[0m
[0mGET /index.html [36m304[0m 0.518 ms - -[0m
[0mGET /css/style.css [36m304[0m 1.086 ms - -[0m
[0mGET /images/logo.png [36m304[0m 2.761 ms - -[0m
[0mGET /js/api.js [36m304[0m 2.792 ms - -[0m
[0mGET /js/main.js [36m304[0m 0.894 ms - -[0m
[0mGET /api/website-content [32m200[0m 4.681 ms - 5373[0m
[0mGET /images/1778323825681-423303160.png [36m304[0m 0.628 ms - -[0m
[0mPOST /api/website-content [32m200[0m 15.461 ms - 57[0m
[0mPOST /api/website-content [32m200[0m 7.640 ms - 57[0m
[0mPOST /api/website-content [32m200[0m 7.470 ms - 57[0m
[0mPOST /api/website-content [32m200[0m 7.157 ms - 57[0m
[0mPOST /api/website-content [32m200[0m 6.268 ms - 57[0m
[0mPOST /api/website-content [32m200[0m 5.894 ms - 57[0m
[0mGET /index.html [36m304[0m 1.063 ms - -[0m
[0mGET /css/style.css [36m304[0m 4.817 ms - -[0m
[0mGET /images/logo.png [36m304[0m 2.019 ms - -[0m
[0mGET /js/api.js [36m304[0m 2.212 ms - -[0m
[0mGET /js/main.js [36m304[0m 1.772 ms - -[0m
[0mGET /api/website-content [32m200[0m 6.511 ms - 5372[0m
[0mGET /images/1778323825681-423303160.png [36m304[0m 0.498 ms - -[0m
[0mPOST /api/website-content [32m200[0m 16.974 ms - 57[0m
[0mPOST /api/website-content [32m200[0m 8.664 ms - 57[0m
[0mPOST /api/website-content [32m200[0m 6.674 ms - 57[0m
[0mPOST /api/website-content [32m200[0m 7.737 ms - 57[0m
[0mPOST /api/website-content [32m200[0m 7.011 ms - 57[0m
[0mPOST /api/website-content [32m200[0m 6.757 ms - 57[0m
[0mPOST /api/website-content [32m200[0m 7.128 ms - 57[0m
[0mGET /index.html [36m304[0m 0.426 ms - -[0m
[0mGET /css/style.css [36m304[0m 1.683 ms - -[0m
[0mGET /images/logo.png [36m304[0m 1.764 ms - -[0m
[0mGET /js/api.js [36m304[0m 1.153 ms - -[0m
[0mGET /js/main.js [36m304[0m 0.804 ms - -[0m
[0mGET /api/website-content [32m200[0m 4.403 ms - 5504[0m
[0mGET /images/1778323825681-423303160.png [36m304[0m 5.708 ms - -[0m
[0mGET /services.html [32m200[0m 2.454 ms - 19951[0m
[0mGET /css/style.css [36m304[0m 0.495 ms - -[0m
[0mGET /images/logo.png [36m304[0m 1.287 ms - -[0m
[0mGET /js/api.js [36m304[0m 2.117 ms - -[0m
[0mGET /js/main.js [36m304[0m 1.928 ms - -[0m
[0mGET /api/website-content [36m304[0m 7.539 ms - -[0m
[0mGET /index.html [36m304[0m 0.392 ms - -[0m
[0mGET /css/style.css [36m304[0m 1.679 ms - -[0m
[0mGET /images/logo.png [36m304[0m 2.494 ms - -[0m
[0mGET /js/api.js [36m304[0m 0.630 ms - -[0m
[0mGET /js/main.js [36m304[0m 0.630 ms - -[0m
[0mGET /api/website-content [36m304[0m 3.262 ms - -[0m
[0mGET /images/1778323825681-423303160.png [36m304[0m 0.977 ms - -[0m
[0mGET /about.html [36m304[0m 2.098 ms - -[0m
[0mGET /css/style.css [36m304[0m 0.830 ms - -[0m
[0mGET /images/logo.png [36m304[0m 2.816 ms - -[0m
[0mGET /js/api.js [36m304[0m 0.703 ms - -[0m
[0mGET /js/main.js [36m304[0m 1.709 ms - -[0m
[0mGET /api/website-content [36m304[0m 3.301 ms - -[0m
[0mGET /api/team-members [36m304[0m 12.837 ms - -[0m
[0mGET /images/1778314943556-503420277.png [36m304[0m 3.797 ms - -[0m
[0mGET /images/1778317098260-568569554.png [36m304[0m 6.373 ms - -[0m
[0mGET /services.html [36m304[0m 0.427 ms - -[0m
[0mGET /css/style.css [36m304[0m 0.567 ms - -[0m
[0mGET /images/logo.png [36m304[0m 0.718 ms - -[0m
[0mGET /js/api.js [36m304[0m 1.938 ms - -[0m
[0mGET /js/main.js [36m304[0m 1.089 ms - -[0m
[0mGET /api/website-content [36m304[0m 1.540 ms - -[0m
[0mGET /services.html [32m200[0m 8.977 ms - 19951[0m
[0mGET /css/style.css [32m200[0m 6.497 ms - 3882[0m
[0mGET /images/logo.png [32m200[0m 6.886 ms - 146281[0m
[0mGET /js/api.js [32m200[0m 1.050 ms - 6455[0m
[0mGET /js/main.js [32m200[0m 1.631 ms - 15337[0m
[0mGET /api/website-content [32m200[0m 6.517 ms - 5504[0m
[0mGET /favicon.ico [33m404[0m 1.514 ms - 50[0m
[0mGET /index.html [36m304[0m 1.361 ms - -[0m
[0mGET /css/style.css [36m304[0m 0.916 ms - -[0m
[0mGET /images/logo.png [36m304[0m 0.558 ms - -[0m
[0mGET /js/api.js [36m304[0m 1.532 ms - -[0m
[0mGET /js/main.js [36m304[0m 1.806 ms - -[0m
[0mGET /api/website-content [36m304[0m 5.540 ms - -[0m
[0mGET /images/1778323825681-423303160.png [36m304[0m 2.172 ms - -[0m
[0mGET /blog.html [32m200[0m 1.421 ms - 10385[0m
[0mGET /css/style.css [36m304[0m 0.856 ms - -[0m
[0mGET /images/logo.png [36m304[0m 1.463 ms - -[0m
[0mGET /js/api.js [36m304[0m 2.679 ms - -[0m
[0mGET /js/main.js [36m304[0m 0.576 ms - -[0m
[0mGET /api/website-content [36m304[0m 9.387 ms - -[0m
[0mGET /api/blogs?page=1&limit=10&search= [32m200[0m 14.893 ms - 1832[0m
[0mGET /about.html [36m304[0m 1.018 ms - -[0m
[0mGET /css/style.css [36m304[0m 0.530 ms - -[0m
[0mGET /images/logo.png [36m304[0m 2.374 ms - -[0m
[0mGET /js/api.js [36m304[0m 1.398 ms - -[0m
[0mGET /js/main.js [36m304[0m 1.470 ms - -[0m
[0mGET /api/website-content [36m304[0m 2.905 ms - -[0m
[0mGET /api/team-members [36m304[0m 2.524 ms - -[0m
[0mGET /images/1778314943556-503420277.png [36m304[0m 2.403 ms - -[0m
[0mGET /images/1778317098260-568569554.png [36m304[0m 6.930 ms - -[0m
[0mGET /admin.html [32m200[0m 1.128 ms - 62572[0m
[0mGET /css/style.css [36m304[0m 5.369 ms - -[0m
[0mGET /images/logo.png [36m304[0m 0.643 ms - -[0m
[0mGET /js/api.js [36m304[0m 1.026 ms - -[0m
[0mGET /js/admin.js [32m200[0m 1.185 ms - 54210[0m
[0mGET /api/auth/me [36m304[0m 3.333 ms - -[0m
[0mGET /api/bookings [36m304[0m 15.878 ms - -[0m
[0mGET /api/blogs?page=1&limit=100&search= [36m304[0m 18.645 ms - -[0m
[0mGET /api/website-content [36m304[0m 2.183 ms - -[0m
[0mGET /api/website-content [36m304[0m 2.191 ms - -[0m
[0mGET /api/website-content [36m304[0m 2.325 ms - -[0m
[0mGET /api/website-content [36m304[0m 2.450 ms - -[0m
[0mGET /api/website-content [36m304[0m 3.393 ms - -[0m
[0mGET /api/team-members [36m304[0m 3.594 ms - -[0m
[0mGET /images/1778317098260-568569554.png [36m304[0m 0.863 ms - -[0m
[0mGET /api/website-content [36m304[0m 2.118 ms - -[0m
[0mGET /api/website-content [36m304[0m 2.315 ms - -[0m
[0mGET /api/website-content [36m304[0m 1.843 ms - -[0m
[0mGET /api/website-content [36m304[0m 3.780 ms - -[0m
[0mGET /api/website-content [36m304[0m 3.926 ms - -[0m
[0mGET /api/team-members [36m304[0m 3.558 ms - -[0m
[0mGET /api/website-content [36m304[0m 2.608 ms - -[0m
[0mGET /api/website-content [36m304[0m 1.489 ms - -[0m
[0mGET /api/website-content [36m304[0m 1.659 ms - -[0m
[0mGET /api/website-content [36m304[0m 1.647 ms - -[0m
[0mGET /api/website-content [36m304[0m 3.494 ms - -[0m
[0mGET /images/1778314943556-503420277.png [36m304[0m 1.510 ms - -[0m
[0mGET /images/1778323825681-423303160.png [36m304[0m 0.507 ms - -[0m
[0mGET /api/office-branches [36m304[0m 1.508 ms - -[0m
[0mGET /api/announcements [36m304[0m 1.248 ms - -[0m
[0mPOST /api/announcements [32m201[0m 13.334 ms - 69[0m
[0mGET /api/announcements [32m200[0m 1.263 ms - 210[0m
[0mGET /about.html [36m304[0m 2.876 ms - -[0m
[0mGET /css/style.css [36m304[0m 1.784 ms - -[0m
[0mGET /images/logo.png [36m304[0m 1.486 ms - -[0m
[0mGET /js/api.js [36m304[0m 1.297 ms - -[0m
[0mGET /js/main.js [36m304[0m 2.514 ms - -[0m
[0mGET /api/website-content [36m304[0m 2.778 ms - -[0m
[0mGET /api/team-members [36m304[0m 6.981 ms - -[0m
[0mGET /images/1778314943556-503420277.png [36m304[0m 0.647 ms - -[0m
[0mGET /images/1778317098260-568569554.png [36m304[0m 2.266 ms - -[0m
[0mGET /index.html [36m304[0m 1.601 ms - -[0m
[0mGET /css/style.css [36m304[0m 0.529 ms - -[0m
[0mGET /images/logo.png [36m304[0m 1.110 ms - -[0m
[0mGET /js/api.js [36m304[0m 1.177 ms - -[0m
[0mGET /js/main.js [36m304[0m 1.089 ms - -[0m
[0mGET /api/website-content [36m304[0m 3.028 ms - -[0m
[0mGET /images/1778323825681-423303160.png [36m304[0m 0.515 ms - -[0m
[0mGET /blog.html [36m304[0m 0.709 ms - -[0m
[0mGET /css/style.css [36m304[0m 0.502 ms - -[0m
[0mGET /images/logo.png [36m304[0m 7.392 ms - -[0m
[0mGET /js/api.js [36m304[0m 3.012 ms - -[0m
[0mGET /js/main.js [36m304[0m 0.627 ms - -[0m
[0mGET /api/website-content [36m304[0m 7.032 ms - -[0m
[0mGET /api/blogs?page=1&limit=10&search= [36m304[0m 11.313 ms - -[0m
[0mGET /contact.html [32m200[0m 1.517 ms - 19923[0m
[0mGET /css/style.css [36m304[0m 1.031 ms - -[0m
[0mGET /images/logo.png [36m304[0m 2.654 ms - -[0m
[0mGET /js/api.js [36m304[0m 2.389 ms - -[0m
[0mGET /js/main.js [36m304[0m 0.415 ms - -[0m
[0mGET /api/website-content [36m304[0m 7.310 ms - -[0m
[0mGET /api/website-content [36m304[0m 1.919 ms - -[0m
[0mGET /api/website-content [36m304[0m 3.845 ms - -[0m
[0mGET /api/website-content [36m304[0m 2.116 ms - -[0m
[0mGET /api/website-content [36m304[0m 1.720 ms - -[0m
[0mGET /api/website-content [36m304[0m 3.756 ms - -[0m
[0mPOST /api/blogs [32m201[0m 238.704 ms - 61[0m
[0mGET /api/blogs?page=1&limit=100&search= [32m200[0m 1.877 ms - 1999[0m
[0mGET /contact.html [36m304[0m 0.698 ms - -[0m
[0mGET /css/style.css [36m304[0m 3.520 ms - -[0m
[0mGET /images/logo.png [36m304[0m 2.624 ms - -[0m
[0mGET /js/api.js [36m304[0m 2.189 ms - -[0m
[0mGET /js/main.js [36m304[0m 1.006 ms - -[0m
[0mGET /api/website-content [36m304[0m 2.243 ms - -[0m
[0mGET /blog.html [36m304[0m 0.570 ms - -[0m
[0mGET /css/style.css [36m304[0m 0.620 ms - -[0m
[0mGET /images/logo.png [36m304[0m 0.824 ms - -[0m
[0mGET /js/api.js [36m304[0m 1.331 ms - -[0m
[0mGET /js/main.js [36m304[0m 0.531 ms - -[0m
[0mGET /api/website-content [36m304[0m 3.741 ms - -[0m
[0mGET /api/blogs?page=1&limit=10&search= [32m200[0m 7.119 ms - 1998[0m
[0mGET /images/1778329045157-840230043.png [32m200[0m 1.868 ms - 9002947[0m
